2023-08-08 18:22:17,717.continuous_stock.INFO =============================================================
2023-08-08 18:22:17,717.continuous_stock.INFO Today is 2023-08-08 at 06:22 PM
2023-08-08 18:22:17,717.continuous_stock.INFO This file is running on: posix Darwin 22.5.0
2023-08-08 18:22:17,717.continuous_stock.INFO The Python version is: 3.11.2
2023-08-08 18:22:17,717.continuous_stock.INFO The active environment path is:   /Users/macbeth/Documents/continuous_intelligence/module_5/cintel-05-live-updates/.venv
2023-08-08 18:22:17,717.continuous_stock.INFO The current working directory is: /Users/macbeth/Documents/continuous_intelligence/module_5/cintel-05-live-updates
2023-08-08 18:22:17,717.continuous_stock.INFO =============================================================
2023-08-08 18:22:21,973.continuous_stock.INFO Calling update_csv_stock
2023-08-08 18:22:21,973.continuous_stock.INFO update_interval: 60
2023-08-08 18:22:21,973.continuous_stock.INFO total_runtime: 900
2023-08-08 18:22:21,973.continuous_stock.INFO num_updates: 50
2023-08-08 18:22:21,974.continuous_stock.INFO Calling get_stock_price for TSLA
2023-08-08 18:22:21,974.continuous_stock.INFO Calling fetch_from_url for https://query1.finance.yahoo.com/v7/finance/options/TSLA
2023-08-08 18:22:22,453.continuous_stock.INFO Data from yahoofinance: <fetch.HttpResponse object at 0x175e01810>
2023-08-08 18:22:22,453.continuous_stock.INFO Calling get_previous_month_price for TSLA
2023-08-08 18:22:22,453.continuous_stock.INFO Calling fetch_from_url for https://query1.finance.yahoo.com/v8/finance/chart/TSLA?&interval=1d&range=1d
2023-08-08 18:22:22,570.continuous_stock.INFO Data from yahoofinance: <fetch.HttpResponse object at 0x175c99750>
2023-08-08 18:22:22,571.continuous_stock.INFO Calling get_stock_price for GM
2023-08-08 18:22:22,571.continuous_stock.INFO Calling fetch_from_url for https://query1.finance.yahoo.com/v7/finance/options/GM
2023-08-08 18:22:22,798.continuous_stock.INFO Data from yahoofinance: <fetch.HttpResponse object at 0x175cc1450>
2023-08-08 18:22:22,798.continuous_stock.INFO Calling get_previous_month_price for GM
2023-08-08 18:22:22,798.continuous_stock.INFO Calling fetch_from_url for https://query1.finance.yahoo.com/v8/finance/chart/GM?&interval=1d&range=1d
2023-08-08 18:22:22,913.continuous_stock.INFO Data from yahoofinance: <fetch.HttpResponse object at 0x175c9b210>
2023-08-08 18:22:22,913.continuous_stock.INFO Calling get_stock_price for TM
2023-08-08 18:22:22,913.continuous_stock.INFO Calling fetch_from_url for https://query1.finance.yahoo.com/v7/finance/options/TM
2023-08-08 18:22:23,105.continuous_stock.INFO Data from yahoofinance: <fetch.HttpResponse object at 0x175c98b90>
2023-08-08 18:22:23,106.continuous_stock.INFO Calling get_previous_month_price for TM
2023-08-08 18:22:23,106.continuous_stock.INFO Calling fetch_from_url for https://query1.finance.yahoo.com/v8/finance/chart/TM?&interval=1d&range=1d
2023-08-08 18:22:23,271.continuous_stock.INFO Data from yahoofinance: <fetch.HttpResponse object at 0x175c9b790>
2023-08-08 18:22:23,271.continuous_stock.INFO Calling get_stock_price for F
2023-08-08 18:22:23,271.continuous_stock.INFO Calling fetch_from_url for https://query1.finance.yahoo.com/v7/finance/options/F
2023-08-08 18:22:23,663.continuous_stock.INFO Data from yahoofinance: <fetch.HttpResponse object at 0x175cc0f50>
2023-08-08 18:22:23,663.continuous_stock.INFO Calling get_previous_month_price for F
2023-08-08 18:22:23,663.continuous_stock.INFO Calling fetch_from_url for https://query1.finance.yahoo.com/v8/finance/chart/F?&interval=1d&range=1d
2023-08-08 18:22:23,844.continuous_stock.INFO Data from yahoofinance: <fetch.HttpResponse object at 0x175c99c90>
2023-08-08 18:22:23,845.continuous_stock.INFO Calling get_stock_price for HMC
2023-08-08 18:22:23,845.continuous_stock.INFO Calling fetch_from_url for https://query1.finance.yahoo.com/v7/finance/options/HMC
2023-08-08 18:22:23,973.continuous_stock.INFO Data from yahoofinance: <fetch.HttpResponse object at 0x175c983d0>
2023-08-08 18:22:23,973.continuous_stock.INFO Calling get_previous_month_price for HMC
2023-08-08 18:22:23,973.continuous_stock.INFO Calling fetch_from_url for https://query1.finance.yahoo.com/v8/finance/chart/HMC?&interval=1d&range=1d
2023-08-08 18:22:24,237.continuous_stock.INFO Data from yahoofinance: <fetch.HttpResponse object at 0x175c9bf90>
2023-08-08 18:22:24,241.continuous_stock.INFO Saving prices to /Users/macbeth/Documents/continuous_intelligence/module_5/cintel-05-live-updates/data/mtcars_stock.csv
2023-08-08 18:23:24,241.continuous_stock.INFO Calling get_stock_price for TSLA
2023-08-08 18:23:24,243.continuous_stock.INFO Calling fetch_from_url for https://query1.finance.yahoo.com/v7/finance/options/TSLA
2023-08-08 18:23:24,473.continuous_stock.INFO Data from yahoofinance: <fetch.HttpResponse object at 0x175f6e1d0>
2023-08-08 18:23:24,473.continuous_stock.INFO Calling get_previous_month_price for TSLA
2023-08-08 18:23:24,473.continuous_stock.INFO Calling fetch_from_url for https://query1.finance.yahoo.com/v8/finance/chart/TSLA?&interval=1d&range=1d
2023-08-08 18:23:24,642.continuous_stock.INFO Data from yahoofinance: <fetch.HttpResponse object at 0x175f42cd0>
2023-08-08 18:23:24,642.continuous_stock.INFO Calling get_stock_price for GM
2023-08-08 18:23:24,642.continuous_stock.INFO Calling fetch_from_url for https://query1.finance.yahoo.com/v7/finance/options/GM
2023-08-08 18:23:24,790.continuous_stock.INFO Data from yahoofinance: <fetch.HttpResponse object at 0x175f5ab10>
2023-08-08 18:23:24,790.continuous_stock.INFO Calling get_previous_month_price for GM
2023-08-08 18:23:24,790.continuous_stock.INFO Calling fetch_from_url for https://query1.finance.yahoo.com/v8/finance/chart/GM?&interval=1d&range=1d
2023-08-08 18:23:24,929.continuous_stock.INFO Data from yahoofinance: <fetch.HttpResponse object at 0x175f40710>
2023-08-08 18:23:24,930.continuous_stock.INFO Calling get_stock_price for TM
2023-08-08 18:23:24,930.continuous_stock.INFO Calling fetch_from_url for https://query1.finance.yahoo.com/v7/finance/options/TM
2023-08-08 18:23:25,086.continuous_stock.INFO Data from yahoofinance: <fetch.HttpResponse object at 0x175f5a350>
2023-08-08 18:23:25,086.continuous_stock.INFO Calling get_previous_month_price for TM
2023-08-08 18:23:25,087.continuous_stock.INFO Calling fetch_from_url for https://query1.finance.yahoo.com/v8/finance/chart/TM?&interval=1d&range=1d
2023-08-08 18:23:25,692.continuous_stock.INFO Data from yahoofinance: <fetch.HttpResponse object at 0x175f43990>
2023-08-08 18:23:25,693.continuous_stock.INFO Calling get_stock_price for F
2023-08-08 18:23:25,693.continuous_stock.INFO Calling fetch_from_url for https://query1.finance.yahoo.com/v7/finance/options/F
2023-08-08 18:23:25,905.continuous_stock.INFO Data from yahoofinance: <fetch.HttpResponse object at 0x175f595d0>
2023-08-08 18:23:25,906.continuous_stock.INFO Calling get_previous_month_price for F
2023-08-08 18:23:25,906.continuous_stock.INFO Calling fetch_from_url for https://query1.finance.yahoo.com/v8/finance/chart/F?&interval=1d&range=1d
2023-08-08 18:23:26,122.continuous_stock.INFO Data from yahoofinance: <fetch.HttpResponse object at 0x175f42410>
2023-08-08 18:23:26,123.continuous_stock.INFO Calling get_stock_price for HMC
2023-08-08 18:23:26,123.continuous_stock.INFO Calling fetch_from_url for https://query1.finance.yahoo.com/v7/finance/options/HMC
2023-08-08 18:23:26,386.continuous_stock.INFO Data from yahoofinance: <fetch.HttpResponse object at 0x175f59d90>
2023-08-08 18:23:26,387.continuous_stock.INFO Calling get_previous_month_price for HMC
2023-08-08 18:23:26,387.continuous_stock.INFO Calling fetch_from_url for https://query1.finance.yahoo.com/v8/finance/chart/HMC?&interval=1d&range=1d
2023-08-08 18:23:26,645.continuous_stock.INFO Data from yahoofinance: <fetch.HttpResponse object at 0x175f40f10>
2023-08-08 18:23:26,650.continuous_stock.INFO Saving prices to /Users/macbeth/Documents/continuous_intelligence/module_5/cintel-05-live-updates/data/mtcars_stock.csv
