2023-08-08 18:22:18,159.marvel_server.INFO =============================================================
2023-08-08 18:22:18,159.marvel_server.INFO Today is 2023-08-08 at 06:22 PM
2023-08-08 18:22:18,159.marvel_server.INFO This file is running on: posix Darwin 22.5.0
2023-08-08 18:22:18,159.marvel_server.INFO The Python version is: 3.11.2
2023-08-08 18:22:18,159.marvel_server.INFO The active environment path is:   /Users/macbeth/Documents/continuous_intelligence/module_5/cintel-05-live-updates/.venv
2023-08-08 18:22:18,159.marvel_server.INFO The current working directory is: /Users/macbeth/Documents/continuous_intelligence/module_5/cintel-05-live-updates
2023-08-08 18:22:18,159.marvel_server.INFO =============================================================
2023-08-08 18:22:21,355.marvel_server.INFO init reactive_character_df len: 45
2023-08-08 18:22:24,356.marvel_server.INFO marvel_character_string starting
2023-08-08 18:22:24,357.marvel_server.INFO There are 13 characters whose name starts with Spider-Man!
Spider-Man characters have appeared 13911 times in the comics in this database.
2023-08-08 18:22:24,358.marvel_server.INFO Rendering character table with 13 rows
2023-08-08 18:22:42,077.marvel_server.INFO init reactive_character_df len: 45
2023-08-08 18:22:42,078.marvel_server.INFO marvel_character_string starting
2023-08-08 18:22:42,081.marvel_server.INFO There are 5 characters whose name starts with Black Widow!
Black Widow characters have appeared 1603 times in the comics in this database.
2023-08-08 18:22:42,085.marvel_server.INFO Rendering character table with 5 rows
2023-08-08 18:22:50,156.marvel_server.INFO init reactive_character_df len: 45
2023-08-08 18:22:50,157.marvel_server.INFO marvel_character_string starting
2023-08-08 18:22:50,159.marvel_server.INFO There are 7 characters whose name starts with Iron Man!
Iron Man characters have appeared 7589 times in the comics in this database.
2023-08-08 18:22:50,162.marvel_server.INFO Rendering character table with 7 rows
2023-08-08 18:22:59,844.marvel_server.INFO init reactive_character_df len: 45
2023-08-08 18:22:59,844.marvel_server.INFO marvel_character_string starting
2023-08-08 18:22:59,848.marvel_server.INFO There are 8 characters whose name starts with Thor!
Thor characters have appeared 5514 times in the comics in this database.
2023-08-08 18:22:59,851.marvel_server.INFO Rendering character table with 8 rows
2023-08-08 18:23:13,356.marvel_server.INFO init reactive_character_df len: 45
2023-08-08 18:23:13,357.marvel_server.INFO marvel_character_string starting
2023-08-08 18:23:13,361.marvel_server.INFO There are 5 characters whose name starts with Captain Marvel!
Captain Marvel characters have appeared 2333 times in the comics in this database.
2023-08-08 18:23:13,364.marvel_server.INFO Rendering character table with 5 rows
2023-08-08 18:23:22,526.marvel_server.INFO init reactive_character_df len: 45
2023-08-08 18:23:22,527.marvel_server.INFO marvel_character_string starting
2023-08-08 18:23:22,530.marvel_server.INFO There are 13 characters whose name starts with Spider-Man!
Spider-Man characters have appeared 13911 times in the comics in this database.
2023-08-08 18:23:22,532.marvel_server.INFO Rendering character table with 13 rows
2023-08-08 18:23:29,235.marvel_server.INFO init reactive_character_df len: 45
2023-08-08 18:23:29,236.marvel_server.INFO marvel_character_string starting
2023-08-08 18:23:29,238.marvel_server.INFO There are 5 characters whose name starts with Captain Marvel!
Captain Marvel characters have appeared 2333 times in the comics in this database.
2023-08-08 18:23:29,241.marvel_server.INFO Rendering character table with 5 rows
2023-08-08 18:23:36,601.marvel_server.INFO init reactive_character_df len: 45
2023-08-08 18:23:36,602.marvel_server.INFO marvel_character_string starting
2023-08-08 18:23:36,604.marvel_server.INFO There are 8 characters whose name starts with Thor!
Thor characters have appeared 5514 times in the comics in this database.
2023-08-08 18:23:36,607.marvel_server.INFO Rendering character table with 8 rows
